#
# There is insufficient memory for the Java Runtime Environment to continue.
# Native memory allocation (mmap) failed to map 536870912 bytes. Error detail: G1 virtual space
# Possible reasons:
#   The system is out of physical RAM or swap space
#   This process is running with CompressedOops enabled, and the Java Heap may be blocking the growth of the native heap
# Possible solutions:
#   Reduce memory load on the system
#   Increase physical memory or swap space
#   Check if swap backing store is full
#   Decrease Java heap size (-Xmx/-Xms)
#   Decrease number of Java threads
#   Decrease Java thread stack sizes (-Xss)
#   Set larger code cache with -XX:ReservedCodeCacheSize=
#   JVM is running with Zero Based Compressed Oops mode in which the Java heap is
#     placed in the first 32GB address space. The Java Heap base address is the
#     maximum limit for the native heap growth. Please use -XX:HeapBaseMinAddress
#     to set the Java Heap base and to place the Java Heap above 32GB virtual address.
# This output file may be truncated or incomplete.
#
#  Out of Memory Error (os_windows.cpp:3925), pid=44560, tid=40152
#
# JRE version:  (21.0.8) (build )
# Java VM: OpenJDK 64-Bit Server VM (21.0.8+-14196175-b1038.72, mixed mode, sharing, tiered, compressed oops, compressed class ptrs, g1 gc, windows-amd64)
# No core dump will be written. Minidumps are not enabled by default on client versions of Windows
#

---------------  S U M M A R Y ------------

Command Line: org.jetbrains.kotlin.cli.jvm.K2JVMCompiler @F:\HealthTracker\build\flutter_foreground_task\20260124_6586534091216097615.compiler.options

Host: AMD Ryzen 7 5700X3D 8-Core Processor           , 16 cores, 31G,  Windows 10 , 64 bit Build 19041 (10.0.19041.5915)
Time: Sat Jan 24 20:06:54 2026 Pacific Standard Time elapsed time: 0.122093 seconds (0d 0h 0m 0s)

---------------  T H R E A D  ---------------

Current thread (0x00000210571b3810):  JavaThread "Unknown thread" [_thread_in_vm, id=40152, stack(0x0000003be3a00000,0x0000003be3b00000) (1024K)]

Stack: [0x0000003be3a00000,0x0000003be3b00000]
Native frames: (J=compiled Java code, j=interpreted, Vv=VM code, C=native code)
V  [jvm.dll+0x6d68d9]
V  [jvm.dll+0x866693]
V  [jvm.dll+0x868c4e]
V  [jvm.dll+0x869333]
V  [jvm.dll+0x280566]
V  [jvm.dll+0x6d3195]
V  [jvm.dll+0x6c69ea]
V  [jvm.dll+0x3586db]
V  [jvm.dll+0x360336]
V  [jvm.dll+0x3b23f6]
V  [jvm.dll+0x3b26c8]
V  [jvm.dll+0x32ae6c]
V  [jvm.dll+0x32bb5b]
V  [jvm.dll+0x82e109]
V  [jvm.dll+0x3bf5c8]
V  [jvm.dll+0x817388]
V  [jvm.dll+0x453b6e]
V  [jvm.dll+0x4552d1]
C  [jli.dll+0x52ab]
C  [ucrtbase.dll+0x21bb2]
C  [KERNEL32.DLL+0x17374]
C  [ntdll.dll+0x4cc91]


---------------  P R O C E S S  ---------------

Threads class SMR info:
_java_thread_list=0x00007fff5b9ab988, length=0, elements={
}

Java Threads: ( => current thread )
Total: 0

Other Threads:
  0x0000021057256c60 WorkerThread "GC Thread#0"                     [id=32364, stack(0x0000003be3b00000,0x0000003be3c00000) (1024K)]
  0x0000021057267bc0 ConcurrentGCThread "G1 Main Marker"            [id=5924, stack(0x0000003be3c00000,0x0000003be3d00000) (1024K)]
  0x00000210572686c0 WorkerThread "G1 Conc#0"                       [id=46732, stack(0x0000003be3d00000,0x0000003be3e00000) (1024K)]

[error occurred during error reporting (printing all threads), id 0xc0000005, EXCEPTION_ACCESS_VIOLATION (0xc0000005) at pc=0x00007fff5b19ddd7]
VM state: not at safepoint (not fully initialized)

VM Mutex/Monitor currently owned by a thread:  ([mutex/lock_event])
[0x00007fff5ba186b8] Heap_lock - owner thread: 0x00000210571b3810

Heap address: 0x0000000601000000, size: 8176 MB, Compressed Oops mode: Zero based, Oop shift amount: 3

CDS archive(s) mapped at: [0x0000000000000000-0x0000000000000000-0x0000000000000000), size 0, SharedBaseAddress: 0x0000000800000000, ArchiveRelocationMode: 1.
Narrow klass base: 0x0000000000000000, Narrow klass shift: 0, Narrow klass range: 0x0

GC Precious Log:
 CardTable entry size: 512
 Card Set container configuration: InlinePtr #cards 4 size 8 Array Of Cards #cards 32 size 80 Howl #buckets 8 coarsen threshold 7372 Howl Bitmap #cards 1024 size 144 coarsen threshold 921 Card regions per heap region 1 cards per card region 8192

Heap:
 garbage-first heap   total 0K, used 0K [0x0000000601000000, 0x0000000800000000)
  region size 4096K, 0 young (0K), 0 survivors (0K)
 Metaspace       used 0K, committed 0K, reserved 0K
  class space    used 0K, committed 0K, reserved 0K

Heap Regions: E=young(eden), S=young(survivor), O=old, HS=humongous(starts), HC=humongous(continues), CS=collection set, F=free, TAMS=top-at-mark-start, PB=parsable bottom

Card table byte_map: [0x000002106ab90000,0x000002106bb90000] _byte_map_base: 0x0000021067b88000

Marking Bits: (CMBitMap*) 0x0000021057257360
 Bits: [0x000002106bb90000, 0x0000021073b50000)

GC Heap History (0 events):
No events

Dll operation events (1 events):
Event: 0.039 Loaded shared library C:\Program Files\Android\Android Studio\jbr\bin\java.dll

Deoptimization events (0 events):
No events

Classes loaded (0 events):
No events

Classes unloaded (0 events):
No events

Classes redefined (0 events):
No events

Internal exceptions (0 events):
No events

ZGC Phase Switch (0 events):
No events

VM Operations (0 events):
No events

Memory protections (0 events):
No events

Nmethod flushes (0 events):
No events

Events (0 events):
No events


Dynamic libraries:
0x00007ff654540000 - 0x00007ff65454a000 	C:\Program Files\Android\Android Studio\jbr\bin\java.exe
0x00007fffe45f0000 - 0x00007fffe47e8000 	C:\WINDOWS\SYSTEM32\ntdll.dll
0x00007fffe3040000 - 0x00007fffe3102000 	C:\WINDOWS\System32\KERNEL32.DLL
0x00007fffe1f80000 - 0x00007fffe2276000 	C:\WINDOWS\System32\KERNELBASE.dll
0x00007fffe2280000 - 0x00007fffe2380000 	C:\WINDOWS\System32\ucrtbase.dll
0x00007fffc7050000 - 0x00007fffc7068000 	C:\Program Files\Android\Android Studio\jbr\bin\jli.dll
0x00007fffbbaf0000 - 0x00007fffbbb0b000 	C:\Program Files\Android\Android Studio\jbr\bin\VCRUNTIME140.dll
0x00007fffe3110000 - 0x00007fffe32b1000 	C:\WINDOWS\System32\USER32.dll
0x00007fffe2380000 - 0x00007fffe23a2000 	C:\WINDOWS\System32\win32u.dll
0x00007fffc8520000 - 0x00007fffc87bb000 	C:\WINDOWS\WinSxS\amd64_microsoft.windows.common-controls_6595b64144ccf1df_6.0.19041.6456_none_60b8a6cb71f64256\COMCTL32.dll
0x00007fffe3d80000 - 0x00007fffe3e1e000 	C:\WINDOWS\System32\msvcrt.dll
0x00007fffe3eb0000 - 0x00007fffe3edb000 	C:\WINDOWS\System32\GDI32.dll
0x00007fffe1cb0000 - 0x00007fffe1dc9000 	C:\WINDOWS\System32\gdi32full.dll
0x00007fffe1dd0000 - 0x00007fffe1e6d000 	C:\WINDOWS\System32\msvcp_win.dll
0x00007fffe2610000 - 0x00007fffe263f000 	C:\WINDOWS\System32\IMM32.DLL
0x00007fffc9b50000 - 0x00007fffc9b5c000 	C:\Program Files\Android\Android Studio\jbr\bin\vcruntime140_1.dll
0x00007fff76ef0000 - 0x00007fff76f7d000 	C:\Program Files\Android\Android Studio\jbr\bin\msvcp140.dll
0x00007fff5ae60000 - 0x00007fff5baf6000 	C:\Program Files\Android\Android Studio\jbr\bin\server\jvm.dll
0x00007fffe34f0000 - 0x00007fffe35a1000 	C:\WINDOWS\System32\ADVAPI32.dll
0x00007fffe3ee0000 - 0x00007fffe3f7f000 	C:\WINDOWS\System32\sechost.dll
0x00007fffe3300000 - 0x00007fffe3420000 	C:\WINDOWS\System32\RPCRT4.dll
0x00007fffe1c80000 - 0x00007fffe1ca7000 	C:\WINDOWS\System32\bcrypt.dll
0x00007fffe4160000 - 0x00007fffe41cb000 	C:\WINDOWS\System32\WS2_32.dll
0x00007fffe11c0000 - 0x00007fffe120b000 	C:\WINDOWS\SYSTEM32\POWRPROF.dll
0x00007fffda9a0000 - 0x00007fffda9c7000 	C:\WINDOWS\SYSTEM32\WINMM.dll
0x00007fffdb440000 - 0x00007fffdb44a000 	C:\WINDOWS\SYSTEM32\VERSION.dll
0x00007fffe1080000 - 0x00007fffe1092000 	C:\WINDOWS\SYSTEM32\UMPDC.dll
0x00007fffe04a0000 - 0x00007fffe04b2000 	C:\WINDOWS\SYSTEM32\kernel.appcore.dll
0x00007fffc9b30000 - 0x00007fffc9b3a000 	C:\Program Files\Android\Android Studio\jbr\bin\jimage.dll
0x00007fffdf300000 - 0x00007fffdf501000 	C:\WINDOWS\SYSTEM32\DBGHELP.DLL
0x00007fffc61d0000 - 0x00007fffc6204000 	C:\WINDOWS\SYSTEM32\dbgcore.DLL
0x00007fffe1e70000 - 0x00007fffe1ef2000 	C:\WINDOWS\System32\bcryptPrimitives.dll
0x00007fffbb7e0000 - 0x00007fffbb800000 	C:\Program Files\Android\Android Studio\jbr\bin\java.dll

JVMTI agents: none

dbghelp: loaded successfully - version: 4.0.5 - missing functions: none
symbol engine: initialized successfully - sym options: 0x614 - pdb path: .;C:\Program Files\Android\Android Studio\jbr\bin;C:\WINDOWS\SYSTEM32;C:\WINDOWS\WinSxS\amd64_microsoft.windows.common-controls_6595b64144ccf1df_6.0.19041.6456_none_60b8a6cb71f64256;C:\Program Files\Android\Android Studio\jbr\bin\server

VM Arguments:
java_command: org.jetbrains.kotlin.cli.jvm.K2JVMCompiler @F:\HealthTracker\build\flutter_foreground_task\20260124_6586534091216097615.compiler.options
java_class_path (initial): C:\Users\Deez\.gradle\caches\modules-2\files-2.1\org.jetbrains.kotlin\kotlin-compiler-embeddable\2.2.20\bb8331b7585e36ea311825b01a1c06860c055fd1\kotlin-compiler-embeddable-2.2.20.jar;C:\Users\Deez\.gradle\caches\modules-2\files-2.1\org.jetbrains.kotlin\kotlin-stdlib\2.2.20\5380b19fa1924399b62ce3a1faffebb2b4f82272\kotlin-stdlib-2.2.20.jar;C:\Users\Deez\.gradle\caches\modules-2\files-2.1\org.jetbrains.kotlin\kotlin-script-runtime\2.2.20\4c679cbeac0bb583b75c3a080013da8eaf240807\kotlin-script-runtime-2.2.20.jar;C:\Users\Deez\.gradle\caches\modules-2\files-2.1\org.jetbrains.kotlin\kotlin-reflect\1.6.10\1cbe9c92c12a94eea200d23c2bbaedaf3daf5132\kotlin-reflect-1.6.10.jar;C:\Users\Deez\.gradle\caches\modules-2\files-2.1\org.jetbrains.kotlin\kotlin-daemon-embeddable\2.2.20\feff12d48d7f1eb628742b0a721395e16f8755bf\kotlin-daemon-embeddable-2.2.20.jar;C:\Users\Deez\.gradle\caches\modules-2\files-2.1\org.jetbrains.kotlinx\kotlinx-coroutines-core-jvm\1.8.0\ac1dc37a30a93150b704022f8d895ee1bd3a36b3\kotlinx-coroutines-core-jvm-1.8.0.jar;C:\Users\Deez\.gradle\caches\modules-2\files-2.1\org.jetbrains\annotations\13.0\919f0dfe192fb4e063e7dacadee7f8bb9a2672a9\annotations-13.0.jar
Launcher Type: SUN_STANDARD

[Global flags]
     intx CICompilerCount                          = 12                                        {product} {ergonomic}
     uint ConcGCThreads                            = 3                                         {product} {ergonomic}
     uint G1ConcRefinementThreads                  = 13                                        {product} {ergonomic}
   size_t G1HeapRegionSize                         = 4194304                                   {product} {ergonomic}
    uintx GCDrainStackTargetSize                   = 64                                        {product} {ergonomic}
   size_t InitialHeapSize                          = 536870912                                 {product} {ergonomic}
   size_t MarkStackSize                            = 4194304                                   {product} {ergonomic}
   size_t MaxHeapSize                              = 8573157376                                {product} {ergonomic}
   size_t MinHeapDeltaBytes                        = 4194304                                   {product} {ergonomic}
   size_t MinHeapSize                              = 8388608                                   {product} {ergonomic}
    uintx NonNMethodCodeHeapSize                   = 7602480                                {pd product} {ergonomic}
    uintx NonProfiledCodeHeapSize                  = 122027880                              {pd product} {ergonomic}
    uintx ProfiledCodeHeapSize                     = 122027880                              {pd product} {ergonomic}
    uintx ReservedCodeCacheSize                    = 251658240                              {pd product} {ergonomic}
     bool SegmentedCodeCache                       = true                                      {product} {ergonomic}
   size_t SoftMaxHeapSize                          = 8573157376                             {manageable} {ergonomic}
     bool UseCompressedOops                        = true                           {product lp64_product} {ergonomic}
     bool UseG1GC                                  = true                                      {product} {ergonomic}
     bool UseLargePagesIndividualAllocation        = false                                  {pd product} {ergonomic}

Logging:
Log output configuration:
 #0: stdout all=warning uptime,level,tags foldmultilines=false
 #1: stderr all=off uptime,level,tags foldmultilines=false

Environment Variables:
JAVA_HOME=C:\Program Files\Android\Android Studio\jbr
CLASSPATH=F:\HealthTracker\android\\gradle\wrapper\gradle-wrapper.jar
PATH=C:\Program Files\Android\Android Studio\jbr\bin;C:\Users\Deez\AppData\Local\Programs\Python\Python312\Scripts;C:\Users\Deez\AppData\Local\Programs\Python\Python312;D:\Scripts\;D:\;C:\Program Files\AdoptOpenJDK\jdk-11.0.8.10-hotspot\bin;C:\Program Files\Common Files\Oracle\Java\javapath;C:\Program Files (x86)\Common Files\Oracle\Java\javapath;C:\Program Files (x86)\Razer Chroma SDK\bin;C:\Program Files\Razer Chroma SDK\bin;C:\ProgramData\Oracle\Java\javapath;C:\Windows\system32;C:\Windows;C:\Windows\System32\Wbem;C:\Windows\System32\WindowsPowerShell\v1.0\;C:\Windows\System32\OpenSSH\;C:\WINDOWS\system32;C:\WINDOWS;C:\WINDOWS\System32\Wbem;C:\WINDOWS\System32\WindowsPowerShell\v1.0\;C:\WINDOWS\System32\OpenSSH\;C:\PROGRA~2\ThriXXX\3D SexVilla;C:\Android;C:\Users\Deez\AppData\Local\Microsoft\WindowsApps;C:\Program Files\nodejs\;C:\WINDOWS\system32;C:\WINDOWS;C:\WINDOWS\System32\Wbem;C:\WINDOWS\System32\WindowsPowerShell\v1.0\;C:\WINDOWS\System32\OpenSSH\;C:\Program Files\dotnet\;C:\Users\Deez\AppData\Local\Programs\Python\Python312\;C:\Program Files\NVIDIA Corporation\NVIDIA app\NvDLISR;C:\Program Files (x86)\NVIDIA Corporation\PhysX\Common;C:\Program Files\Git\cmd;C:\flutter\bin;C:\Program Files\Calibre2\;C:\Users\Deez\AppData\Local\Programs\Python\Python312\Scripts\;C:\Users\Deez\AppData\Local\Programs\Python\Python312\;C:\Users\Deez\.local\share\solana\install\active_release\bin;C:\Users\Deez\AppData\Local\Microsoft\WindowsApps;C:\Users\Deez\AppData\Roaming\geckodriver;C:\Users\Deez\AppData\Roaming\npm;C:\Users\Deez\AppData\Local\Microsoft\WindowsApps;E:\Microsoft VS Code\bin;C:\Users\Deez\AppData\Local\GitHubDesktop\bin;C:\flutter\bin\mingit\cmd
USERNAME=Deez
OS=Windows_NT
PROCESSOR_IDENTIFIER=AMD64 Family 25 Model 33 Stepping 2, AuthenticAMD
TMP=C:\Users\Deez\AppData\Local\Temp
TEMP=C:\Users\Deez\AppData\Local\Temp




Periodic native trim disabled

JNI global refs:
JNI global refs: 0, weak refs: 0

JNI global refs memory usage: 0, weak refs: 0

Process memory usage:
Resident Set Size: 11056K (0% of 33478204K total physical memory with 2882616K free physical memory)

OOME stack traces (most recent first):
Classloader memory used:

---------------  S Y S T E M  ---------------

OS:
 Windows 10 , 64 bit Build 19041 (10.0.19041.5915)
OS uptime: 18 days 8:47 hours

CPU: total 16 (initial active 16) (16 cores per cpu, 2 threads per core) family 25 model 33 stepping 2 microcode 0x0, cx8, cmov, fxsr, ht, mmx, 3dnowpref, sse, sse2, sse3, ssse3, sse4a, sse4.1, sse4.2, popcnt, lzcnt, tsc, tscinvbit, avx, avx2, aes, erms, clmul, bmi1, bmi2, adx, sha, fma, vzeroupper, clflush, clflushopt, rdtscp, rdpid, fsrm, f16c, pku, cet_ss
Processor Information for the first 16 processors :
  Max Mhz: 3001, Current Mhz: 3001, Mhz Limit: 3001

Memory: 4k page, system-wide physical 32693M (2815M free)
TotalPageFile size 77852M (AvailPageFile size 16M)
current process WorkingSet (physical memory assigned to process): 10M, peak: 10M
current process commit charge ("private bytes"): 70M, peak: 582M

vm_info: OpenJDK 64-Bit Server VM (21.0.8+-14196175-b1038.72) for windows-amd64 JRE (21.0.8+-14196175-b1038.72), built on 2025-10-01T10:24:33Z by "builder" with MS VC++ 16.10 / 16.11 (VS2019)

END.
